<?xml version="1.0" encoding="UTF-8"?>
<!-- Generated by org.testng.reporters.JUnitReportReporter -->
<testsuite skipped="0" hostname="DESKTOP-RG00TM9" name="com.demo.test.FirstProgram" tests="1" failures="0" timestamp="11 May 2018 18:00:25 GMT" time="5.225" errors="0">
  <testcase name="Type1WebCall" time="5.225" classname="com.demo.test.FirstProgram"/>
</testsuite> <!-- com.demo.test.FirstProgram -->
