<?xml version="1.0" encoding="UTF-8"?>
<!-- Generated by org.testng.reporters.JUnitReportReporter -->
<testsuite skipped="0" hostname="DESKTOP-RG00TM9" name="com.demo.test.FirstProgram" tests="2" failures="0" timestamp="12 May 2018 10:37:34 GMT" time="5.946" errors="0">
  <testcase name="Type2WebCall" time="1.135" classname="com.demo.test.FirstProgram"/>
  <testcase name="Type1WebCall" time="4.811" classname="com.demo.test.FirstProgram"/>
</testsuite> <!-- com.demo.test.FirstProgram -->
